This file contains any messages produced by compilers while
running configure, to aid debugging if configure makes a mistake.

It was created by libshout configure 2.3.1, which was
generated by GNU Autoconf 2.69.  Invocation command line was

  $ ./configure --host arm-linux-androideabi --disable-theora --disable-speex

## --------- ##
## Platform. ##
## --------- ##

hostname = WKS-SJ
uname -m = x86_64
uname -r = 3.2.0-4-amd64
uname -s = Linux
uname -v = #1 SMP Debian 3.2.65-1+deb7u1

/usr/bin/uname -p = unknown
/bin/uname -X     = unknown

/bin/arch              = unknown
/usr/bin/arch -k       = unknown
/usr/convex/getsysinfo = unknown
/usr/bin/hostinfo      = unknown
/bin/machine           = unknown
/usr/bin/oslevel       = unknown
/bin/universe          = unknown

PATH: /usr/local/bin
PATH: /usr/bin
PATH: /bin
PATH: /usr/local/games
PATH: /usr/games


## ----------- ##
## Core tests. ##
## ----------- ##

configure:2662: checking for a BSD-compatible install
configure:2730: result: /usr/bin/install -c
configure:2741: checking whether build environment is sane
configure:2791: result: yes
configure:2840: checking for arm-linux-androideabi-strip
configure:2870: result: no
configure:2880: checking for strip
configure:2896: found /usr/bin/strip
configure:2907: result: strip
configure:2932: checking for a thread-safe mkdir -p
configure:2971: result: /bin/mkdir -p
configure:2984: checking for gawk
configure:3014: result: no
configure:2984: checking for mawk
configure:3000: found /usr/bin/mawk
configure:3011: result: mawk
configure:3022: checking whether make sets $(MAKE)
configure:3044: result: yes
configure:3125: checking whether to enable maintainer-specific portions of Makefiles
configure:3134: result: no
configure:3158: checking for arm-linux-androideabi-gcc
configure:3185: result: /home/stephanj/android/ndk-toolchain/bin/arm-linux-androideabi-gcc
configure:3454: checking for C compiler version
configure:3463: /home/stephanj/android/ndk-toolchain/bin/arm-linux-androideabi-gcc --version >&5
arm-linux-androideabi-gcc (GCC) 4.8
Copyright (C) 2013 Free Software Foundation, Inc.
This is free software; see the source for copying conditions.  There is NO
warranty; not even for MERCHANTABILITY or FITNESS FOR A PARTICULAR PURPOSE.

configure:3474: $? = 0
configure:3463: /home/stephanj/android/ndk-toolchain/bin/arm-linux-androideabi-gcc -v >&5
Using built-in specs.
COLLECT_GCC=/home/stephanj/android/ndk-toolchain/bin/arm-linux-androideabi-gcc
COLLECT_LTO_WRAPPER=/home/stephanj/android/ndk-toolchain/bin/../libexec/gcc/arm-linux-androideabi/4.8/lto-wrapper
Target: arm-linux-androideabi
Configured with: /s/ndk-toolchain/src/build/../gcc/gcc-4.8/configure --prefix=/tmp/ndk-andrewhsieh/build/toolchain/prefix --target=arm-linux-androideabi --host=x86_64-linux-gnu --build=x86_64-linux-gnu --with-gnu-as --with-gnu-ld --enable-languages=c,c++ --with-gmp=/tmp/ndk-andrewhsieh/build/toolchain/temp-install --with-mpfr=/tmp/ndk-andrewhsieh/build/toolchain/temp-install --with-mpc=/tmp/ndk-andrewhsieh/build/toolchain/temp-install --with-cloog=/tmp/ndk-andrewhsieh/build/toolchain/temp-install --with-isl=/tmp/ndk-andrewhsieh/build/toolchain/temp-install --with-ppl=/tmp/ndk-andrewhsieh/build/toolchain/temp-install --disable-ppl-version-check --disable-cloog-version-check --disable-isl-version-check --enable-cloog-backend=isl --with-host-libstdcxx='-static-libgcc -Wl,-Bstatic,-lstdc++,-Bdynamic -lm' --disable-libssp --enable-threads --disable-nls --disable-libmudflap --disable-libgomp --disable-libstdc__-v3 --disable-sjlj-exceptions --disable-shared --disable-tls --disable-libitm --with-float=soft --with-fpu=vfp --with-arch=armv5te --enable-target-optspace --enable-initfini-array --disable-nls --prefix=/tmp/ndk-andrewhsieh/build/toolchain/prefix --with-sysroot=/tmp/ndk-andrewhsieh/build/toolchain/prefix/sysroot --with-binutils-version=2.24 --with-mpfr-version=3.1.1 --with-mpc-version=1.0.1 --with-gmp-version=5.0.5 --with-gcc-version=4.8 --with-gdb-version=7.6 --with-python=/usr/local/google/home/andrewhsieh/mydroid/ndk/prebuilt/linux-x86_64/bin/python-config.sh --with-gxx-include-dir=/tmp/ndk-andrewhsieh/build/toolchain/prefix/include/c++/4.8 --with-bugurl=http://source.android.com/source/report-bugs.html --enable-languages=c,c++ --disable-bootstrap --enable-plugins --enable-libgomp --disable-libsanitizer --enable-gold --enable-graphite=yes --with-cloog-version=0.18.0 --with-isl-version=0.11.1 --enable-eh-frame-hdr-for-static --with-arch=armv5te --program-transform-name='s&^&arm-linux-androideabi-&' --enable-gold=default
Thread model: posix
gcc version 4.8 (GCC) 
configure:3474: $? = 0
configure:3463: /home/stephanj/android/ndk-toolchain/bin/arm-linux-androideabi-gcc -V >&5
arm-linux-androideabi-gcc: error: unrecognized command line option '-V'
arm-linux-androideabi-gcc: fatal error: no input files
compilation terminated.
configure:3474: $? = 1
configure:3463: /home/stephanj/android/ndk-toolchain/bin/arm-linux-androideabi-gcc -qversion >&5
arm-linux-androideabi-gcc: error: unrecognized command line option '-qversion'
arm-linux-androideabi-gcc: fatal error: no input files
compilation terminated.
configure:3474: $? = 1
configure:3494: checking whether the C compiler works
configure:3516: /home/stephanj/android/ndk-toolchain/bin/arm-linux-androideabi-gcc -I/home/stephanj/android/coolmic/app/src/main/jni/libshout/../include/  -L/home/stephanj/android/coolmic/app/src/main/jni/libshout/../../libs/armeabi conftest.c  >&5
configure:3520: $? = 0
configure:3568: result: yes
configure:3571: checking for C compiler default output file name
configure:3573: result: a.out
configure:3579: checking for suffix of executables
configure:3586: /home/stephanj/android/ndk-toolchain/bin/arm-linux-androideabi-gcc -o conftest -I/home/stephanj/android/coolmic/app/src/main/jni/libshout/../include/  -L/home/stephanj/android/coolmic/app/src/main/jni/libshout/../../libs/armeabi conftest.c  >&5
configure:3590: $? = 0
configure:3612: result: 
configure:3634: checking whether we are cross compiling
configure:3642: /home/stephanj/android/ndk-toolchain/bin/arm-linux-androideabi-gcc -o conftest -I/home/stephanj/android/coolmic/app/src/main/jni/libshout/../include/  -L/home/stephanj/android/coolmic/app/src/main/jni/libshout/../../libs/armeabi conftest.c  >&5
configure:3646: $? = 0
configure:3653: ./conftest
./configure: line 3655: ./conftest: cannot execute binary file
configure:3657: $? = 126
configure:3672: result: yes
configure:3677: checking for suffix of object files
configure:3699: /home/stephanj/android/ndk-toolchain/bin/arm-linux-androideabi-gcc -c -I/home/stephanj/android/coolmic/app/src/main/jni/libshout/../include/  conftest.c >&5
configure:3703: $? = 0
configure:3724: result: o
configure:3728: checking whether we are using the GNU C compiler
configure:3747: /home/stephanj/android/ndk-toolchain/bin/arm-linux-androideabi-gcc -c -I/home/stephanj/android/coolmic/app/src/main/jni/libshout/../include/  conftest.c >&5
configure:3747: $? = 0
configure:3756: result: yes
configure:3765: checking whether /home/stephanj/android/ndk-toolchain/bin/arm-linux-androideabi-gcc accepts -g
configure:3785: /home/stephanj/android/ndk-toolchain/bin/arm-linux-androideabi-gcc -c -g  conftest.c >&5
configure:3785: $? = 0
configure:3826: result: yes
configure:3843: checking for /home/stephanj/android/ndk-toolchain/bin/arm-linux-androideabi-gcc option to accept ISO C89
configure:3906: /home/stephanj/android/ndk-toolchain/bin/arm-linux-androideabi-gcc  -c -I/home/stephanj/android/coolmic/app/src/main/jni/libshout/../include/  conftest.c >&5
configure:3906: $? = 0
configure:3919: result: none needed
configure:3950: checking for style of include used by make
configure:3978: result: GNU
configure:4004: checking dependency style of /home/stephanj/android/ndk-toolchain/bin/arm-linux-androideabi-gcc
configure:4115: result: gcc3
configure:4159: checking build system type
configure:4173: result: x86_64-unknown-linux-gnu
configure:4193: checking host system type
configure:4206: result: arm-unknown-linux-androideabi
configure:4247: checking how to print strings
configure:4274: result: printf
configure:4295: checking for a sed that does not truncate output
configure:4359: result: /bin/sed
configure:4377: checking for grep that handles long lines and -e
configure:4435: result: /bin/grep
configure:4440: checking for egrep
configure:4502: result: /bin/grep -E
configure:4507: checking for fgrep
configure:4569: result: /bin/grep -F
configure:4604: checking for ld used by /home/stephanj/android/ndk-toolchain/bin/arm-linux-androideabi-gcc
configure:4671: result: /home/stephanj/android/ndk-toolchain/bin/arm-linux-androideabi-ld
configure:4678: checking if the linker (/home/stephanj/android/ndk-toolchain/bin/arm-linux-androideabi-ld) is GNU ld
configure:4693: result: yes
configure:4705: checking for BSD- or MS-compatible name lister (nm)
configure:4754: result: no
configure:4768: checking for arm-linux-androideabi-dumpbin
configure:4798: result: no
configure:4768: checking for arm-linux-androideabi-link
configure:4798: result: no
configure:4812: checking for dumpbin
configure:4842: result: no
configure:4812: checking for link
configure:4828: found /usr/bin/link
configure:4839: result: link -dump
configure:4855: WARNING: using cross tools not prefixed with host triplet
configure:4884: checking the name lister (nm) interface
configure:4891: /home/stephanj/android/ndk-toolchain/bin/arm-linux-androideabi-gcc -c -I/home/stephanj/android/coolmic/app/src/main/jni/libshout/../include/  conftest.c >&5
configure:4894: nm "conftest.o"
configure:4897: output
00000000 b $d
00000000 B some_variable
configure:4904: result: BSD nm
configure:4907: checking whether ln -s works
configure:4911: result: yes
configure:4919: checking the maximum length of command line arguments
configure:5049: result: 1572864
configure:5066: checking whether the shell understands some XSI constructs
configure:5076: result: yes
configure:5080: checking whether the shell understands "+="
configure:5086: result: yes
configure:5121: checking how to convert x86_64-unknown-linux-gnu file names to arm-unknown-linux-androideabi format
configure:5161: result: func_convert_file_noop
configure:5168: checking how to convert x86_64-unknown-linux-gnu file names to toolchain format
configure:5188: result: func_convert_file_noop
configure:5195: checking for /home/stephanj/android/ndk-toolchain/bin/arm-linux-androideabi-ld option to reload object files
configure:5202: result: -r
configure:5236: checking for arm-linux-androideabi-objdump
configure:5266: result: no
configure:5276: checking for objdump
configure:5292: found /usr/bin/objdump
configure:5303: result: objdump
configure:5335: checking how to recognize dependent libraries
configure:5533: result: pass_all
configure:5578: checking for arm-linux-androideabi-dlltool
configure:5608: result: no
configure:5618: checking for dlltool
configure:5648: result: no
configure:5678: checking how to associate runtime and link libraries
configure:5705: result: printf %s\n
configure:5722: checking for arm-linux-androideabi-ar
configure:5752: result: no
configure:5766: checking for ar
configure:5782: found /usr/bin/ar
configure:5793: result: ar
configure:5830: checking for archiver @FILE support
configure:5847: /home/stephanj/android/ndk-toolchain/bin/arm-linux-androideabi-gcc -c -I/home/stephanj/android/coolmic/app/src/main/jni/libshout/../include/  conftest.c >&5
configure:5847: $? = 0
configure:5850: ar cru libconftest.a @conftest.lst >&5
configure:5853: $? = 0
configure:5858: ar cru libconftest.a @conftest.lst >&5
ar: conftest.o: No such file or directory
configure:5861: $? = 1
configure:5873: result: @
configure:5891: checking for arm-linux-androideabi-strip
configure:5918: result: strip
configure:5990: checking for arm-linux-androideabi-ranlib
configure:6017: result: /home/stephanj/android/ndk-toolchain/bin/arm-linux-androideabi-ranlib
configure:6159: checking command to parse nm output from /home/stephanj/android/ndk-toolchain/bin/arm-linux-androideabi-gcc object
configure:6279: /home/stephanj/android/ndk-toolchain/bin/arm-linux-androideabi-gcc -c -I/home/stephanj/android/coolmic/app/src/main/jni/libshout/../include/  conftest.c >&5
configure:6282: $? = 0
configure:6286: nm conftest.o \| sed -n -e 's/^.*[ ]\([ABCDGIRSTW][ABCDGIRSTW]*\)[ ][ ]*\([_A-Za-z][_A-Za-z0-9]*\)$/\1 \2 \2/p' | sed '/ __gnu_lto/d' \> conftest.nm
configure:6289: $? = 0
configure:6355: /home/stephanj/android/ndk-toolchain/bin/arm-linux-androideabi-gcc -o conftest -I/home/stephanj/android/coolmic/app/src/main/jni/libshout/../include/  -L/home/stephanj/android/coolmic/app/src/main/jni/libshout/../../libs/armeabi conftest.c conftstm.o >&5
configure:6358: $? = 0
configure:6396: result: ok
configure:6433: checking for sysroot
configure:6463: result: no
configure:6679: checking for arm-linux-androideabi-mt
configure:6709: result: no
configure:6719: checking for mt
configure:6735: found /bin/mt
configure:6746: result: mt
configure:6769: checking if mt is a manifest tool
configure:6775: mt '-?'
configure:6783: result: no
configure:7425: checking how to run the C preprocessor
configure:7456: /home/stephanj/android/ndk-toolchain/bin/arm-linux-androideabi-gcc -E  conftest.c
configure:7456: $? = 0
configure:7470: /home/stephanj/android/ndk-toolchain/bin/arm-linux-androideabi-gcc -E  conftest.c
conftest.c:14:28: fatal error: ac_nonexistent.h: No such file or directory
 #include <ac_nonexistent.h>
                            ^
compilation terminated.
configure:7470: $? = 1
configure: failed program was:
| /* confdefs.h */
| #define PACKAGE_NAME "libshout"
| #define PACKAGE_TARNAME "libshout"
| #define PACKAGE_VERSION "2.3.1"
| #define PACKAGE_STRING "libshout 2.3.1"
| #define PACKAGE_BUGREPORT "icecast-dev@xiph.org"
| #define PACKAGE_URL ""
| #define LIBSHOUT_MAJOR 2
| #define LIBSHOUT_MINOR 3
| #define LIBSHOUT_MICRO 1
| #define PACKAGE "libshout"
| #define VERSION "2.3.1"
| /* end confdefs.h.  */
| #include <ac_nonexistent.h>
configure:7495: result: /home/stephanj/android/ndk-toolchain/bin/arm-linux-androideabi-gcc -E
configure:7515: /home/stephanj/android/ndk-toolchain/bin/arm-linux-androideabi-gcc -E  conftest.c
configure:7515: $? = 0
configure:7529: /home/stephanj/android/ndk-toolchain/bin/arm-linux-androideabi-gcc -E  conftest.c
conftest.c:14:28: fatal error: ac_nonexistent.h: No such file or directory
 #include <ac_nonexistent.h>
                            ^
compilation terminated.
configure:7529: $? = 1
configure: failed program was:
| /* confdefs.h */
| #define PACKAGE_NAME "libshout"
| #define PACKAGE_TARNAME "libshout"
| #define PACKAGE_VERSION "2.3.1"
| #define PACKAGE_STRING "libshout 2.3.1"
| #define PACKAGE_BUGREPORT "icecast-dev@xiph.org"
| #define PACKAGE_URL ""
| #define LIBSHOUT_MAJOR 2
| #define LIBSHOUT_MINOR 3
| #define LIBSHOUT_MICRO 1
| #define PACKAGE "libshout"
| #define VERSION "2.3.1"
| /* end confdefs.h.  */
| #include <ac_nonexistent.h>
configure:7558: checking for ANSI C header files
configure:7578: /home/stephanj/android/ndk-toolchain/bin/arm-linux-androideabi-gcc -c -I/home/stephanj/android/coolmic/app/src/main/jni/libshout/../include/  conftest.c >&5
configure:7578: $? = 0
configure:7662: result: yes
configure:7675: checking for sys/types.h
configure:7675: /home/stephanj/android/ndk-toolchain/bin/arm-linux-androideabi-gcc -c -I/home/stephanj/android/coolmic/app/src/main/jni/libshout/../include/  conftest.c >&5
configure:7675: $? = 0
configure:7675: result: yes
configure:7675: checking for sys/stat.h
configure:7675: /home/stephanj/android/ndk-toolchain/bin/arm-linux-androideabi-gcc -c -I/home/stephanj/android/coolmic/app/src/main/jni/libshout/../include/  conftest.c >&5
configure:7675: $? = 0
configure:7675: result: yes
configure:7675: checking for stdlib.h
configure:7675: /home/stephanj/android/ndk-toolchain/bin/arm-linux-androideabi-gcc -c -I/home/stephanj/android/coolmic/app/src/main/jni/libshout/../include/  conftest.c >&5
configure:7675: $? = 0
configure:7675: result: yes
configure:7675: checking for string.h
configure:7675: /home/stephanj/android/ndk-toolchain/bin/arm-linux-androideabi-gcc -c -I/home/stephanj/android/coolmic/app/src/main/jni/libshout/../include/  conftest.c >&5
configure:7675: $? = 0
configure:7675: result: yes
configure:7675: checking for memory.h
configure:7675: /home/stephanj/android/ndk-toolchain/bin/arm-linux-androideabi-gcc -c -I/home/stephanj/android/coolmic/app/src/main/jni/libshout/../include/  conftest.c >&5
configure:7675: $? = 0
configure:7675: result: yes
configure:7675: checking for strings.h
configure:7675: /home/stephanj/android/ndk-toolchain/bin/arm-linux-androideabi-gcc -c -I/home/stephanj/android/coolmic/app/src/main/jni/libshout/../include/  conftest.c >&5
configure:7675: $? = 0
configure:7675: result: yes
configure:7675: checking for inttypes.h
configure:7675: /home/stephanj/android/ndk-toolchain/bin/arm-linux-androideabi-gcc -c -I/home/stephanj/android/coolmic/app/src/main/jni/libshout/../include/  conftest.c >&5
configure:7675: $? = 0
configure:7675: result: yes
configure:7675: checking for stdint.h
configure:7675: /home/stephanj/android/ndk-toolchain/bin/arm-linux-androideabi-gcc -c -I/home/stephanj/android/coolmic/app/src/main/jni/libshout/../include/  conftest.c >&5
configure:7675: $? = 0
configure:7675: result: yes
configure:7675: checking for unistd.h
configure:7675: /home/stephanj/android/ndk-toolchain/bin/arm-linux-androideabi-gcc -c -I/home/stephanj/android/coolmic/app/src/main/jni/libshout/../include/  conftest.c >&5
configure:7675: $? = 0
configure:7675: result: yes
configure:7689: checking for dlfcn.h
configure:7689: /home/stephanj/android/ndk-toolchain/bin/arm-linux-androideabi-gcc -c -I/home/stephanj/android/coolmic/app/src/main/jni/libshout/../include/  conftest.c >&5
configure:7689: $? = 0
configure:7689: result: yes
configure:7895: checking for objdir
configure:7910: result: .libs
configure:8177: checking if /home/stephanj/android/ndk-toolchain/bin/arm-linux-androideabi-gcc supports -fno-rtti -fno-exceptions
configure:8195: /home/stephanj/android/ndk-toolchain/bin/arm-linux-androideabi-gcc -c -I/home/stephanj/android/coolmic/app/src/main/jni/libshout/../include/  -fno-rtti -fno-exceptions conftest.c >&5
cc1: warning: command line option '-fno-rtti' is valid for C++/ObjC++ but not for C [enabled by default]
configure:8199: $? = 0
configure:8212: result: no
configure:8539: checking for /home/stephanj/android/ndk-toolchain/bin/arm-linux-androideabi-gcc option to produce PIC
configure:8546: result: -fPIC -DPIC
configure:8554: checking if /home/stephanj/android/ndk-toolchain/bin/arm-linux-androideabi-gcc PIC flag -fPIC -DPIC works
configure:8572: /home/stephanj/android/ndk-toolchain/bin/arm-linux-androideabi-gcc -c -I/home/stephanj/android/coolmic/app/src/main/jni/libshout/../include/  -fPIC -DPIC -DPIC conftest.c >&5
configure:8576: $? = 0
configure:8589: result: yes
configure:8618: checking if /home/stephanj/android/ndk-toolchain/bin/arm-linux-androideabi-gcc static flag -static works
configure:8646: result: yes
configure:8661: checking if /home/stephanj/android/ndk-toolchain/bin/arm-linux-androideabi-gcc supports -c -o file.o
configure:8682: /home/stephanj/android/ndk-toolchain/bin/arm-linux-androideabi-gcc -c -I/home/stephanj/android/coolmic/app/src/main/jni/libshout/../include/  -o out/conftest2.o conftest.c >&5
configure:8686: $? = 0
configure:8708: result: yes
configure:8716: checking if /home/stephanj/android/ndk-toolchain/bin/arm-linux-androideabi-gcc supports -c -o file.o
configure:8763: result: yes
configure:8796: checking whether the /home/stephanj/android/ndk-toolchain/bin/arm-linux-androideabi-gcc linker (/home/stephanj/android/ndk-toolchain/bin/arm-linux-androideabi-ld) supports shared libraries
configure:9953: result: yes
configure:9990: checking whether -lc should be explicitly linked in
configure:9998: /home/stephanj/android/ndk-toolchain/bin/arm-linux-androideabi-gcc -c -I/home/stephanj/android/coolmic/app/src/main/jni/libshout/../include/  conftest.c >&5
configure:10001: $? = 0
configure:10016: /home/stephanj/android/ndk-toolchain/bin/arm-linux-androideabi-gcc -shared  -fPIC -DPIC conftest.o  -v -Wl,-soname -Wl,conftest -o conftest 2\>\&1 \| /bin/grep  -lc  \>/dev/null 2\>\&1
configure:10019: $? = 0
configure:10033: result: no
configure:10193: checking dynamic linker characteristics
configure:10693: /home/stephanj/android/ndk-toolchain/bin/arm-linux-androideabi-gcc -o conftest -I/home/stephanj/android/coolmic/app/src/main/jni/libshout/../include/  -L/home/stephanj/android/coolmic/app/src/main/jni/libshout/../../libs/armeabi -Wl,-rpath -Wl,/foo conftest.c  >&5
configure:10693: $? = 0
configure:10927: result: GNU/Linux ld.so
configure:11034: checking how to hardcode library paths into programs
configure:11059: result: immediate
configure:11599: checking whether stripping libraries is possible
configure:11604: result: yes
configure:11639: checking if libtool supports shared libraries
configure:11641: result: yes
configure:11644: checking whether to build shared libraries
configure:11665: result: yes
configure:11668: checking whether to build static libraries
configure:11672: result: yes
configure:11747: checking for ANSI C header files
configure:11851: result: yes
configure:11862: checking for strings.h
configure:11862: result: yes
configure:11862: checking sys/timeb.h usability
configure:11862: /home/stephanj/android/ndk-toolchain/bin/arm-linux-androideabi-gcc -c -I/home/stephanj/android/coolmic/app/src/main/jni/libshout/../include/  conftest.c >&5
configure:11862: $? = 0
configure:11862: result: yes
configure:11862: checking sys/timeb.h presence
configure:11862: /home/stephanj/android/ndk-toolchain/bin/arm-linux-androideabi-gcc -E  conftest.c
configure:11862: $? = 0
configure:11862: result: yes
configure:11862: checking for sys/timeb.h
configure:11862: result: yes
configure:11873: checking for an ANSI C-conforming const
configure:11939: /home/stephanj/android/ndk-toolchain/bin/arm-linux-androideabi-gcc -c -I/home/stephanj/android/coolmic/app/src/main/jni/libshout/../include/  conftest.c >&5
configure:11939: $? = 0
configure:11946: result: yes
configure:11954: checking for inline
configure:11970: /home/stephanj/android/ndk-toolchain/bin/arm-linux-androideabi-gcc -c -I/home/stephanj/android/coolmic/app/src/main/jni/libshout/../include/  conftest.c >&5
configure:11970: $? = 0
configure:11978: result: inline
configure:11998: checking for inttypes.h
configure:11998: result: yes
configure:12008: checking for uint32_t
configure:12008: /home/stephanj/android/ndk-toolchain/bin/arm-linux-androideabi-gcc -c -I/home/stephanj/android/coolmic/app/src/main/jni/libshout/../include/  conftest.c >&5
configure:12008: $? = 0
configure:12008: /home/stephanj/android/ndk-toolchain/bin/arm-linux-androideabi-gcc -c -I/home/stephanj/android/coolmic/app/src/main/jni/libshout/../include/  conftest.c >&5
conftest.c: In function 'main':
conftest.c:68:23: error: expected expression before ')' token
 if (sizeof ((uint32_t)))
                       ^
configure:12008: $? = 1
configure: failed program was:
| /* confdefs.h */
| #define PACKAGE_NAME "libshout"
| #define PACKAGE_TARNAME "libshout"
| #define PACKAGE_VERSION "2.3.1"
| #define PACKAGE_STRING "libshout 2.3.1"
| #define PACKAGE_BUGREPORT "icecast-dev@xiph.org"
| #define PACKAGE_URL ""
| #define LIBSHOUT_MAJOR 2
| #define LIBSHOUT_MINOR 3
| #define LIBSHOUT_MICRO 1
| #define PACKAGE "libshout"
| #define VERSION "2.3.1"
| #define STDC_HEADERS 1
| #define HAVE_SYS_TYPES_H 1
| #define HAVE_SYS_STAT_H 1
| #define HAVE_STDLIB_H 1
| #define HAVE_STRING_H 1
| #define HAVE_MEMORY_H 1
| #define HAVE_STRINGS_H 1
| #define HAVE_INTTYPES_H 1
| #define HAVE_STDINT_H 1
| #define HAVE_UNISTD_H 1
| #define HAVE_DLFCN_H 1
| #define LT_OBJDIR ".libs/"
| #define _XOPEN_SOURCE 600
| #define _GNU_SOURCE /**/
| #define STDC_HEADERS 1
| #define HAVE_STRINGS_H 1
| #define HAVE_SYS_TIMEB_H 1
| #define HAVE_INTTYPES_H 1
| /* end confdefs.h.  */
| #include <stdio.h>
| #ifdef HAVE_SYS_TYPES_H
| # include <sys/types.h>
| #endif
| #ifdef HAVE_SYS_STAT_H
| # include <sys/stat.h>
| #endif
| #ifdef STDC_HEADERS
| # include <stdlib.h>
| # include <stddef.h>
| #else
| # ifdef HAVE_STDLIB_H
| #  include <stdlib.h>
| # endif
| #endif
| #ifdef HAVE_STRING_H
| # if !defined STDC_HEADERS && defined HAVE_MEMORY_H
| #  include <memory.h>
| # endif
| # include <string.h>
| #endif
| #ifdef HAVE_STRINGS_H
| # include <strings.h>
| #endif
| #ifdef HAVE_INTTYPES_H
| # include <inttypes.h>
| #endif
| #ifdef HAVE_STDINT_H
| # include <stdint.h>
| #endif
| #ifdef HAVE_UNISTD_H
| # include <unistd.h>
| #endif
| int
| main ()
| {
| if (sizeof ((uint32_t)))
| 	    return 0;
|   ;
|   return 0;
| }
configure:12008: result: yes
configure:12154: checking for gettimeofday
configure:12154: /home/stephanj/android/ndk-toolchain/bin/arm-linux-androideabi-gcc -o conftest -I/home/stephanj/android/coolmic/app/src/main/jni/libshout/../include/  -L/home/stephanj/android/coolmic/app/src/main/jni/libshout/../../libs/armeabi conftest.c  >&5
configure:12154: $? = 0
configure:12154: result: yes
configure:12154: checking for ftime
configure:12154: /home/stephanj/android/ndk-toolchain/bin/arm-linux-androideabi-gcc -o conftest -I/home/stephanj/android/coolmic/app/src/main/jni/libshout/../include/  -L/home/stephanj/android/coolmic/app/src/main/jni/libshout/../../libs/armeabi conftest.c  >&5
configure:12154: $? = 0
configure:12154: result: yes
configure:12163: checking for library containing nanosleep
configure:12194: /home/stephanj/android/ndk-toolchain/bin/arm-linux-androideabi-gcc -o conftest -I/home/stephanj/android/coolmic/app/src/main/jni/libshout/../include/  -L/home/stephanj/android/coolmic/app/src/main/jni/libshout/../../libs/armeabi conftest.c  >&5
configure:12194: $? = 0
configure:12211: result: none required
configure:12224: checking sys/socket.h usability
configure:12224: /home/stephanj/android/ndk-toolchain/bin/arm-linux-androideabi-gcc -c -I/home/stephanj/android/coolmic/app/src/main/jni/libshout/../include/  conftest.c >&5
configure:12224: $? = 0
configure:12224: result: yes
configure:12224: checking sys/socket.h presence
configure:12224: /home/stephanj/android/ndk-toolchain/bin/arm-linux-androideabi-gcc -E  conftest.c
configure:12224: $? = 0
configure:12224: result: yes
configure:12224: checking for sys/socket.h
configure:12224: result: yes
configure:12234: checking for socklen_t
configure:12234: /home/stephanj/android/ndk-toolchain/bin/arm-linux-androideabi-gcc -c -I/home/stephanj/android/coolmic/app/src/main/jni/libshout/../include/  conftest.c >&5
configure:12234: $? = 0
configure:12234: /home/stephanj/android/ndk-toolchain/bin/arm-linux-androideabi-gcc -c -I/home/stephanj/android/coolmic/app/src/main/jni/libshout/../include/  conftest.c >&5
conftest.c: In function 'main':
conftest.c:48:24: error: expected expression before ')' token
 if (sizeof ((socklen_t)))
                        ^
configure:12234: $? = 1
configure: failed program was:
| /* confdefs.h */
| #define PACKAGE_NAME "libshout"
| #define PACKAGE_TARNAME "libshout"
| #define PACKAGE_VERSION "2.3.1"
| #define PACKAGE_STRING "libshout 2.3.1"
| #define PACKAGE_BUGREPORT "icecast-dev@xiph.org"
| #define PACKAGE_URL ""
| #define LIBSHOUT_MAJOR 2
| #define LIBSHOUT_MINOR 3
| #define LIBSHOUT_MICRO 1
| #define PACKAGE "libshout"
| #define VERSION "2.3.1"
| #define STDC_HEADERS 1
| #define HAVE_SYS_TYPES_H 1
| #define HAVE_SYS_STAT_H 1
| #define HAVE_STDLIB_H 1
| #define HAVE_STRING_H 1
| #define HAVE_MEMORY_H 1
| #define HAVE_STRINGS_H 1
| #define HAVE_INTTYPES_H 1
| #define HAVE_STDINT_H 1
| #define HAVE_UNISTD_H 1
| #define HAVE_DLFCN_H 1
| #define LT_OBJDIR ".libs/"
| #define _XOPEN_SOURCE 600
| #define _GNU_SOURCE /**/
| #define STDC_HEADERS 1
| #define HAVE_STRINGS_H 1
| #define HAVE_SYS_TIMEB_H 1
| #define HAVE_INTTYPES_H 1
| #define HAVE_C99_INTTYPES 1
| #define HAVE_GETTIMEOFDAY 1
| #define HAVE_FTIME 1
| #define HAVE_NANOSLEEP 1
| #define HAVE_SYS_SOCKET_H 1
| /* end confdefs.h.  */
| #if HAVE_SYS_TYPES_H
| # include <sys/types.h>
| #endif
| #if HAVE_SYS_SOCKET_H
| # include <sys/socket.h>
| #endif
| 
| 
| int
| main ()
| {
| if (sizeof ((socklen_t)))
| 	    return 0;
|   ;
|   return 0;
| }
configure:12234: result: yes
configure:12253: checking for va_copy
configure:12266: /home/stephanj/android/ndk-toolchain/bin/arm-linux-androideabi-gcc -o conftest -I/home/stephanj/android/coolmic/app/src/main/jni/libshout/../include/  -L/home/stephanj/android/coolmic/app/src/main/jni/libshout/../../libs/armeabi conftest.c  >&5
configure:12266: $? = 0
configure:12267: result: va_copy
configure:12306: checking sys/select.h usability
configure:12306: /home/stephanj/android/ndk-toolchain/bin/arm-linux-androideabi-gcc -c -I/home/stephanj/android/coolmic/app/src/main/jni/libshout/../include/  conftest.c >&5
configure:12306: $? = 0
configure:12306: result: yes
configure:12306: checking sys/select.h presence
configure:12306: /home/stephanj/android/ndk-toolchain/bin/arm-linux-androideabi-gcc -E  conftest.c
configure:12306: $? = 0
configure:12306: result: yes
configure:12306: checking for sys/select.h
configure:12306: result: yes
configure:12306: checking sys/uio.h usability
configure:12306: /home/stephanj/android/ndk-toolchain/bin/arm-linux-androideabi-gcc -c -I/home/stephanj/android/coolmic/app/src/main/jni/libshout/../include/  conftest.c >&5
configure:12306: $? = 0
configure:12306: result: yes
configure:12306: checking sys/uio.h presence
configure:12306: /home/stephanj/android/ndk-toolchain/bin/arm-linux-androideabi-gcc -E  conftest.c
configure:12306: $? = 0
configure:12306: result: yes
configure:12306: checking for sys/uio.h
configure:12306: result: yes
configure:12316: checking winsock2.h usability
configure:12316: /home/stephanj/android/ndk-toolchain/bin/arm-linux-androideabi-gcc -c -I/home/stephanj/android/coolmic/app/src/main/jni/libshout/../include/  conftest.c >&5
conftest.c:73:22: fatal error: winsock2.h: No such file or directory
 #include <winsock2.h>
                      ^
compilation terminated.
configure:12316: $? = 1
configure: failed program was:
| /* confdefs.h */
| #define PACKAGE_NAME "libshout"
| #define PACKAGE_TARNAME "libshout"
| #define PACKAGE_VERSION "2.3.1"
| #define PACKAGE_STRING "libshout 2.3.1"
| #define PACKAGE_BUGREPORT "icecast-dev@xiph.org"
| #define PACKAGE_URL ""
| #define LIBSHOUT_MAJOR 2
| #define LIBSHOUT_MINOR 3
| #define LIBSHOUT_MICRO 1
| #define PACKAGE "libshout"
| #define VERSION "2.3.1"
| #define STDC_HEADERS 1
| #define HAVE_SYS_TYPES_H 1
| #define HAVE_SYS_STAT_H 1
| #define HAVE_STDLIB_H 1
| #define HAVE_STRING_H 1
| #define HAVE_MEMORY_H 1
| #define HAVE_STRINGS_H 1
| #define HAVE_INTTYPES_H 1
| #define HAVE_STDINT_H 1
| #define HAVE_UNISTD_H 1
| #define HAVE_DLFCN_H 1
| #define LT_OBJDIR ".libs/"
| #define _XOPEN_SOURCE 600
| #define _GNU_SOURCE /**/
| #define STDC_HEADERS 1
| #define HAVE_STRINGS_H 1
| #define HAVE_SYS_TIMEB_H 1
| #define HAVE_INTTYPES_H 1
| #define HAVE_C99_INTTYPES 1
| #define HAVE_GETTIMEOFDAY 1
| #define HAVE_FTIME 1
| #define HAVE_NANOSLEEP 1
| #define HAVE_SYS_SOCKET_H 1
| #define HAVE_SOCKLEN_T 1
| #define HAVE_SYS_SELECT_H 1
| #define HAVE_SYS_UIO_H 1
| /* end confdefs.h.  */
| #include <stdio.h>
| #ifdef HAVE_SYS_TYPES_H
| # include <sys/types.h>
| #endif
| #ifdef HAVE_SYS_STAT_H
| # include <sys/stat.h>
| #endif
| #ifdef STDC_HEADERS
| # include <stdlib.h>
| # include <stddef.h>
| #else
| # ifdef HAVE_STDLIB_H
| #  include <stdlib.h>
| # endif
| #endif
| #ifdef HAVE_STRING_H
| # if !defined STDC_HEADERS && defined HAVE_MEMORY_H
| #  include <memory.h>
| # endif
| # include <string.h>
| #endif
| #ifdef HAVE_STRINGS_H
| # include <strings.h>
| #endif
| #ifdef HAVE_INTTYPES_H
| # include <inttypes.h>
| #endif
| #ifdef HAVE_STDINT_H
| # include <stdint.h>
| #endif
| #ifdef HAVE_UNISTD_H
| # include <unistd.h>
| #endif
| #include <winsock2.h>
configure:12316: result: no
configure:12316: checking winsock2.h presence
configure:12316: /home/stephanj/android/ndk-toolchain/bin/arm-linux-androideabi-gcc -E  conftest.c
conftest.c:40:22: fatal error: winsock2.h: No such file or directory
 #include <winsock2.h>
                      ^
compilation terminated.
configure:12316: $? = 1
configure: failed program was:
| /* confdefs.h */
| #define PACKAGE_NAME "libshout"
| #define PACKAGE_TARNAME "libshout"
| #define PACKAGE_VERSION "2.3.1"
| #define PACKAGE_STRING "libshout 2.3.1"
| #define PACKAGE_BUGREPORT "icecast-dev@xiph.org"
| #define PACKAGE_URL ""
| #define LIBSHOUT_MAJOR 2
| #define LIBSHOUT_MINOR 3
| #define LIBSHOUT_MICRO 1
| #define PACKAGE "libshout"
| #define VERSION "2.3.1"
| #define STDC_HEADERS 1
| #define HAVE_SYS_TYPES_H 1
| #define HAVE_SYS_STAT_H 1
| #define HAVE_STDLIB_H 1
| #define HAVE_STRING_H 1
| #define HAVE_MEMORY_H 1
| #define HAVE_STRINGS_H 1
| #define HAVE_INTTYPES_H 1
| #define HAVE_STDINT_H 1
| #define HAVE_UNISTD_H 1
| #define HAVE_DLFCN_H 1
| #define LT_OBJDIR ".libs/"
| #define _XOPEN_SOURCE 600
| #define _GNU_SOURCE /**/
| #define STDC_HEADERS 1
| #define HAVE_STRINGS_H 1
| #define HAVE_SYS_TIMEB_H 1
| #define HAVE_INTTYPES_H 1
| #define HAVE_C99_INTTYPES 1
| #define HAVE_GETTIMEOFDAY 1
| #define HAVE_FTIME 1
| #define HAVE_NANOSLEEP 1
| #define HAVE_SYS_SOCKET_H 1
| #define HAVE_SOCKLEN_T 1
| #define HAVE_SYS_SELECT_H 1
| #define HAVE_SYS_UIO_H 1
| /* end confdefs.h.  */
| #include <winsock2.h>
configure:12316: result: no
configure:12316: checking for winsock2.h
configure:12316: result: no
configure:12327: checking for library containing sethostent
configure:12358: /home/stephanj/android/ndk-toolchain/bin/arm-linux-androideabi-gcc -o conftest -I/home/stephanj/android/coolmic/app/src/main/jni/libshout/../include/  -L/home/stephanj/android/coolmic/app/src/main/jni/libshout/../../libs/armeabi conftest.c  >&5
/tmp/cca0hCAO.o:conftest.c:function main: error: undefined reference to 'sethostent'
collect2: error: ld returned 1 exit status
configure:12358: $? = 1
configure: failed program was:
| /* confdefs.h */
| #define PACKAGE_NAME "libshout"
| #define PACKAGE_TARNAME "libshout"
| #define PACKAGE_VERSION "2.3.1"
| #define PACKAGE_STRING "libshout 2.3.1"
| #define PACKAGE_BUGREPORT "icecast-dev@xiph.org"
| #define PACKAGE_URL ""
| #define LIBSHOUT_MAJOR 2
| #define LIBSHOUT_MINOR 3
| #define LIBSHOUT_MICRO 1
| #define PACKAGE "libshout"
| #define VERSION "2.3.1"
| #define STDC_HEADERS 1
| #define HAVE_SYS_TYPES_H 1
| #define HAVE_SYS_STAT_H 1
| #define HAVE_STDLIB_H 1
| #define HAVE_STRING_H 1
| #define HAVE_MEMORY_H 1
| #define HAVE_STRINGS_H 1
| #define HAVE_INTTYPES_H 1
| #define HAVE_STDINT_H 1
| #define HAVE_UNISTD_H 1
| #define HAVE_DLFCN_H 1
| #define LT_OBJDIR ".libs/"
| #define _XOPEN_SOURCE 600
| #define _GNU_SOURCE /**/
| #define STDC_HEADERS 1
| #define HAVE_STRINGS_H 1
| #define HAVE_SYS_TIMEB_H 1
| #define HAVE_INTTYPES_H 1
| #define HAVE_C99_INTTYPES 1
| #define HAVE_GETTIMEOFDAY 1
| #define HAVE_FTIME 1
| #define HAVE_NANOSLEEP 1
| #define HAVE_SYS_SOCKET_H 1
| #define HAVE_SOCKLEN_T 1
| #define HAVE_SYS_SELECT_H 1
| #define HAVE_SYS_UIO_H 1
| /* end confdefs.h.  */
| 
| /* Override any GCC internal prototype to avoid an error.
|    Use char because int might match the return type of a GCC
|    builtin and then its argument prototype would still apply.  */
| #ifdef __cplusplus
| extern "C"
| #endif
| char sethostent ();
| int
| main ()
| {
| return sethostent ();
|   ;
|   return 0;
| }
configure:12358: /home/stephanj/android/ndk-toolchain/bin/arm-linux-androideabi-gcc -o conftest -I/home/stephanj/android/coolmic/app/src/main/jni/libshout/../include/  -L/home/stephanj/android/coolmic/app/src/main/jni/libshout/../../libs/armeabi conftest.c -lnsl   >&5
/home/stephanj/android/ndk-toolchain/bin/../lib/gcc/arm-linux-androideabi/4.8/../../../../arm-linux-androideabi/bin/ld: error: cannot find -lnsl
/tmp/ccgYQ9NM.o:conftest.c:function main: error: undefined reference to 'sethostent'
collect2: error: ld returned 1 exit status
configure:12358: $? = 1
configure: failed program was:
| /* confdefs.h */
| #define PACKAGE_NAME "libshout"
| #define PACKAGE_TARNAME "libshout"
| #define PACKAGE_VERSION "2.3.1"
| #define PACKAGE_STRING "libshout 2.3.1"
| #define PACKAGE_BUGREPORT "icecast-dev@xiph.org"
| #define PACKAGE_URL ""
| #define LIBSHOUT_MAJOR 2
| #define LIBSHOUT_MINOR 3
| #define LIBSHOUT_MICRO 1
| #define PACKAGE "libshout"
| #define VERSION "2.3.1"
| #define STDC_HEADERS 1
| #define HAVE_SYS_TYPES_H 1
| #define HAVE_SYS_STAT_H 1
| #define HAVE_STDLIB_H 1
| #define HAVE_STRING_H 1
| #define HAVE_MEMORY_H 1
| #define HAVE_STRINGS_H 1
| #define HAVE_INTTYPES_H 1
| #define HAVE_STDINT_H 1
| #define HAVE_UNISTD_H 1
| #define HAVE_DLFCN_H 1
| #define LT_OBJDIR ".libs/"
| #define _XOPEN_SOURCE 600
| #define _GNU_SOURCE /**/
| #define STDC_HEADERS 1
| #define HAVE_STRINGS_H 1
| #define HAVE_SYS_TIMEB_H 1
| #define HAVE_INTTYPES_H 1
| #define HAVE_C99_INTTYPES 1
| #define HAVE_GETTIMEOFDAY 1
| #define HAVE_FTIME 1
| #define HAVE_NANOSLEEP 1
| #define HAVE_SYS_SOCKET_H 1
| #define HAVE_SOCKLEN_T 1
| #define HAVE_SYS_SELECT_H 1
| #define HAVE_SYS_UIO_H 1
| /* end confdefs.h.  */
| 
| /* Override any GCC internal prototype to avoid an error.
|    Use char because int might match the return type of a GCC
|    builtin and then its argument prototype would still apply.  */
| #ifdef __cplusplus
| extern "C"
| #endif
| char sethostent ();
| int
| main ()
| {
| return sethostent ();
|   ;
|   return 0;
| }
configure:12375: result: no
configure:12385: checking for library containing getnameinfo
configure:12416: /home/stephanj/android/ndk-toolchain/bin/arm-linux-androideabi-gcc -o conftest -I/home/stephanj/android/coolmic/app/src/main/jni/libshout/../include/  -L/home/stephanj/android/coolmic/app/src/main/jni/libshout/../../libs/armeabi conftest.c  >&5
configure:12416: $? = 0
configure:12433: result: none required
configure:12446: checking for endhostent
configure:12446: /home/stephanj/android/ndk-toolchain/bin/arm-linux-androideabi-gcc -o conftest -I/home/stephanj/android/coolmic/app/src/main/jni/libshout/../include/  -L/home/stephanj/android/coolmic/app/src/main/jni/libshout/../../libs/armeabi conftest.c  >&5
/tmp/ccmPP2AU.o:conftest.c:function main: error: undefined reference to 'endhostent'
collect2: error: ld returned 1 exit status
configure:12446: $? = 1
configure: failed program was:
| /* confdefs.h */
| #define PACKAGE_NAME "libshout"
| #define PACKAGE_TARNAME "libshout"
| #define PACKAGE_VERSION "2.3.1"
| #define PACKAGE_STRING "libshout 2.3.1"
| #define PACKAGE_BUGREPORT "icecast-dev@xiph.org"
| #define PACKAGE_URL ""
| #define LIBSHOUT_MAJOR 2
| #define LIBSHOUT_MINOR 3
| #define LIBSHOUT_MICRO 1
| #define PACKAGE "libshout"
| #define VERSION "2.3.1"
| #define STDC_HEADERS 1
| #define HAVE_SYS_TYPES_H 1
| #define HAVE_SYS_STAT_H 1
| #define HAVE_STDLIB_H 1
| #define HAVE_STRING_H 1
| #define HAVE_MEMORY_H 1
| #define HAVE_STRINGS_H 1
| #define HAVE_INTTYPES_H 1
| #define HAVE_STDINT_H 1
| #define HAVE_UNISTD_H 1
| #define HAVE_DLFCN_H 1
| #define LT_OBJDIR ".libs/"
| #define _XOPEN_SOURCE 600
| #define _GNU_SOURCE /**/
| #define STDC_HEADERS 1
| #define HAVE_STRINGS_H 1
| #define HAVE_SYS_TIMEB_H 1
| #define HAVE_INTTYPES_H 1
| #define HAVE_C99_INTTYPES 1
| #define HAVE_GETTIMEOFDAY 1
| #define HAVE_FTIME 1
| #define HAVE_NANOSLEEP 1
| #define HAVE_SYS_SOCKET_H 1
| #define HAVE_SOCKLEN_T 1
| #define HAVE_SYS_SELECT_H 1
| #define HAVE_SYS_UIO_H 1
| #define HAVE_GETNAMEINFO 1
| /* end confdefs.h.  */
| /* Define endhostent to an innocuous variant, in case <limits.h> declares endhostent.
|    For example, HP-UX 11i <limits.h> declares gettimeofday.  */
| #define endhostent innocuous_endhostent
| 
| /* System header to define __stub macros and hopefully few prototypes,
|     which can conflict with char endhostent (); below.
|     Prefer <limits.h> to <assert.h> if __STDC__ is defined, since
|     <limits.h> exists even on freestanding compilers.  */
| 
| #ifdef __STDC__
| # include <limits.h>
| #else
| # include <assert.h>
| #endif
| 
| #undef endhostent
| 
| /* Override any GCC internal prototype to avoid an error.
|    Use char because int might match the return type of a GCC
|    builtin and then its argument prototype would still apply.  */
| #ifdef __cplusplus
| extern "C"
| #endif
| char endhostent ();
| /* The GNU C library defines this for functions which it implements
|     to always fail with ENOSYS.  Some functions are actually named
|     something starting with __ and the normal name is an alias.  */
| #if defined __stub_endhostent || defined __stub___endhostent
| choke me
| #endif
| 
| int
| main ()
| {
| return endhostent ();
|   ;
|   return 0;
| }
configure:12446: result: no
configure:12446: checking for getaddrinfo
configure:12446: /home/stephanj/android/ndk-toolchain/bin/arm-linux-androideabi-gcc -o conftest -I/home/stephanj/android/coolmic/app/src/main/jni/libshout/../include/  -L/home/stephanj/android/coolmic/app/src/main/jni/libshout/../../libs/armeabi conftest.c  >&5
configure:12446: $? = 0
configure:12446: result: yes
configure:12446: checking for inet_aton
configure:12446: /home/stephanj/android/ndk-toolchain/bin/arm-linux-androideabi-gcc -o conftest -I/home/stephanj/android/coolmic/app/src/main/jni/libshout/../include/  -L/home/stephanj/android/coolmic/app/src/main/jni/libshout/../../libs/armeabi conftest.c  >&5
configure:12446: $? = 0
configure:12446: result: yes
configure:12446: checking for writev
configure:12446: /home/stephanj/android/ndk-toolchain/bin/arm-linux-androideabi-gcc -o conftest -I/home/stephanj/android/coolmic/app/src/main/jni/libshout/../include/  -L/home/stephanj/android/coolmic/app/src/main/jni/libshout/../../libs/armeabi conftest.c  >&5
configure:12446: $? = 0
configure:12446: result: yes
configure:12457: checking for struct sockaddr_storage.ss_family
configure:12457: /home/stephanj/android/ndk-toolchain/bin/arm-linux-androideabi-gcc -c -I/home/stephanj/android/coolmic/app/src/main/jni/libshout/../include/  conftest.c >&5
configure:12457: $? = 0
configure:12457: result: yes
configure:12468: checking for inet_pton
configure:12468: /home/stephanj/android/ndk-toolchain/bin/arm-linux-androideabi-gcc -o conftest -I/home/stephanj/android/coolmic/app/src/main/jni/libshout/../include/  -L/home/stephanj/android/coolmic/app/src/main/jni/libshout/../../libs/armeabi conftest.c  >&5
configure:12468: $? = 0
configure:12468: result: yes
configure:12655: checking for the pthreads library -lpthreads
configure:12688: /home/stephanj/android/ndk-toolchain/bin/arm-linux-androideabi-gcc -o conftest -I/home/stephanj/android/coolmic/app/src/main/jni/libshout/../include/   -L/home/stephanj/android/coolmic/app/src/main/jni/libshout/../../libs/armeabi conftest.c -lpthreads  >&5
/home/stephanj/android/ndk-toolchain/bin/../lib/gcc/arm-linux-androideabi/4.8/../../../../arm-linux-androideabi/bin/ld: error: cannot find -lpthreads
collect2: error: ld returned 1 exit status
configure:12688: $? = 1
configure: failed program was:
| /* confdefs.h */
| #define PACKAGE_NAME "libshout"
| #define PACKAGE_TARNAME "libshout"
| #define PACKAGE_VERSION "2.3.1"
| #define PACKAGE_STRING "libshout 2.3.1"
| #define PACKAGE_BUGREPORT "icecast-dev@xiph.org"
| #define PACKAGE_URL ""
| #define LIBSHOUT_MAJOR 2
| #define LIBSHOUT_MINOR 3
| #define LIBSHOUT_MICRO 1
| #define PACKAGE "libshout"
| #define VERSION "2.3.1"
| #define STDC_HEADERS 1
| #define HAVE_SYS_TYPES_H 1
| #define HAVE_SYS_STAT_H 1
| #define HAVE_STDLIB_H 1
| #define HAVE_STRING_H 1
| #define HAVE_MEMORY_H 1
| #define HAVE_STRINGS_H 1
| #define HAVE_INTTYPES_H 1
| #define HAVE_STDINT_H 1
| #define HAVE_UNISTD_H 1
| #define HAVE_DLFCN_H 1
| #define LT_OBJDIR ".libs/"
| #define _XOPEN_SOURCE 600
| #define _GNU_SOURCE /**/
| #define STDC_HEADERS 1
| #define HAVE_STRINGS_H 1
| #define HAVE_SYS_TIMEB_H 1
| #define HAVE_INTTYPES_H 1
| #define HAVE_C99_INTTYPES 1
| #define HAVE_GETTIMEOFDAY 1
| #define HAVE_FTIME 1
| #define HAVE_NANOSLEEP 1
| #define HAVE_SYS_SOCKET_H 1
| #define HAVE_SOCKLEN_T 1
| #define HAVE_SYS_SELECT_H 1
| #define HAVE_SYS_UIO_H 1
| #define HAVE_GETNAMEINFO 1
| #define HAVE_GETADDRINFO 1
| #define HAVE_INET_ATON 1
| #define HAVE_WRITEV 1
| #define HAVE_STRUCT_SOCKADDR_STORAGE_SS_FAMILY 1
| #define HAVE_INET_PTON 1
| /* end confdefs.h.  */
| #include <pthread.h>
| int
| main ()
| {
| pthread_t th; pthread_join(th, 0);
|                      pthread_attr_init(0); pthread_cleanup_push(0, 0);
|                      pthread_create(0,0,0,0); pthread_cleanup_pop(0);
|   ;
|   return 0;
| }
configure:12697: result: no
configure:12600: checking whether pthreads work without any flags
configure:12688: /home/stephanj/android/ndk-toolchain/bin/arm-linux-androideabi-gcc -o conftest -I/home/stephanj/android/coolmic/app/src/main/jni/libshout/../include/   -L/home/stephanj/android/coolmic/app/src/main/jni/libshout/../../libs/armeabi conftest.c   >&5
configure:12688: $? = 0
configure:12697: result: yes
configure:12716: checking for joinable pthread attribute
configure:12731: /home/stephanj/android/ndk-toolchain/bin/arm-linux-androideabi-gcc -o conftest -I/home/stephanj/android/coolmic/app/src/main/jni/libshout/../include/   -L/home/stephanj/android/coolmic/app/src/main/jni/libshout/../../libs/armeabi conftest.c   >&5
configure:12731: $? = 0
configure:12737: result: PTHREAD_CREATE_JOINABLE
configure:12747: checking if more special flags are required for pthreads
configure:12754: result: no
configure:12762: checking for pthread_spin_lock
configure:12762: /home/stephanj/android/ndk-toolchain/bin/arm-linux-androideabi-gcc -o conftest -I/home/stephanj/android/coolmic/app/src/main/jni/libshout/../include/   -L/home/stephanj/android/coolmic/app/src/main/jni/libshout/../../libs/armeabi conftest.c   >&5
/tmp/ccyqmHIo.o:conftest.c:function main: error: undefined reference to 'pthread_spin_lock'
collect2: error: ld returned 1 exit status
configure:12762: $? = 1
configure: failed program was:
| /* confdefs.h */
| #define PACKAGE_NAME "libshout"
| #define PACKAGE_TARNAME "libshout"
| #define PACKAGE_VERSION "2.3.1"
| #define PACKAGE_STRING "libshout 2.3.1"
| #define PACKAGE_BUGREPORT "icecast-dev@xiph.org"
| #define PACKAGE_URL ""
| #define LIBSHOUT_MAJOR 2
| #define LIBSHOUT_MINOR 3
| #define LIBSHOUT_MICRO 1
| #define PACKAGE "libshout"
| #define VERSION "2.3.1"
| #define STDC_HEADERS 1
| #define HAVE_SYS_TYPES_H 1
| #define HAVE_SYS_STAT_H 1
| #define HAVE_STDLIB_H 1
| #define HAVE_STRING_H 1
| #define HAVE_MEMORY_H 1
| #define HAVE_STRINGS_H 1
| #define HAVE_INTTYPES_H 1
| #define HAVE_STDINT_H 1
| #define HAVE_UNISTD_H 1
| #define HAVE_DLFCN_H 1
| #define LT_OBJDIR ".libs/"
| #define _XOPEN_SOURCE 600
| #define _GNU_SOURCE /**/
| #define STDC_HEADERS 1
| #define HAVE_STRINGS_H 1
| #define HAVE_SYS_TIMEB_H 1
| #define HAVE_INTTYPES_H 1
| #define HAVE_C99_INTTYPES 1
| #define HAVE_GETTIMEOFDAY 1
| #define HAVE_FTIME 1
| #define HAVE_NANOSLEEP 1
| #define HAVE_SYS_SOCKET_H 1
| #define HAVE_SOCKLEN_T 1
| #define HAVE_SYS_SELECT_H 1
| #define HAVE_SYS_UIO_H 1
| #define HAVE_GETNAMEINFO 1
| #define HAVE_GETADDRINFO 1
| #define HAVE_INET_ATON 1
| #define HAVE_WRITEV 1
| #define HAVE_STRUCT_SOCKADDR_STORAGE_SS_FAMILY 1
| #define HAVE_INET_PTON 1
| /* end confdefs.h.  */
| /* Define pthread_spin_lock to an innocuous variant, in case <limits.h> declares pthread_spin_lock.
|    For example, HP-UX 11i <limits.h> declares gettimeofday.  */
| #define pthread_spin_lock innocuous_pthread_spin_lock
| 
| /* System header to define __stub macros and hopefully few prototypes,
|     which can conflict with char pthread_spin_lock (); below.
|     Prefer <limits.h> to <assert.h> if __STDC__ is defined, since
|     <limits.h> exists even on freestanding compilers.  */
| 
| #ifdef __STDC__
| # include <limits.h>
| #else
| # include <assert.h>
| #endif
| 
| #undef pthread_spin_lock
| 
| /* Override any GCC internal prototype to avoid an error.
|    Use char because int might match the return type of a GCC
|    builtin and then its argument prototype would still apply.  */
| #ifdef __cplusplus
| extern "C"
| #endif
| char pthread_spin_lock ();
| /* The GNU C library defines this for functions which it implements
|     to always fail with ENOSYS.  Some functions are actually named
|     something starting with __ and the normal name is an alias.  */
| #if defined __stub_pthread_spin_lock || defined __stub___pthread_spin_lock
| choke me
| #endif
| 
| int
| main ()
| {
| return pthread_spin_lock ();
|   ;
|   return 0;
| }
configure:12762: result: no
configure:12881: checking for arm-linux-androideabi-pkg-config
configure:12914: result: no
configure:12924: checking for pkg-config
configure:12942: found /usr/bin/pkg-config
configure:12954: result: /usr/bin/pkg-config
configure:12979: checking pkg-config is at least version 0.9.0
configure:12982: result: yes
configure:13025: /home/stephanj/android/ndk-toolchain/bin/arm-linux-androideabi-gcc -c -Werror -I/usr/local/include  conftest.c >&5
configure:13025: $? = 0
configure:13042: checking for libogg
configure:13076: /home/stephanj/android/ndk-toolchain/bin/arm-linux-androideabi-gcc -o conftest -I/home/stephanj/android/coolmic/app/src/main/jni/libshout/../include/ -I/usr/local/include  -L/home/stephanj/android/coolmic/app/src/main/jni/libshout/../../libs/armeabi -L/usr/local/lib conftest.c   -logg >&5
configure:13076: $? = 0
configure:13106: result: ok
configure:13125: checking for VORBIS
configure:13132: $PKG_CONFIG --exists --print-errors "vorbis"
configure:13135: $? = 0
configure:13149: $PKG_CONFIG --exists --print-errors "vorbis"
configure:13152: $? = 0
configure:13536: result: yes
configure:14460: checking for pkg-config
configure:14476: found /usr/bin/pkg-config
configure:14488: result: yes
configure:14538: checking for pkg-config
configure:14556: found /usr/bin/pkg-config
configure:14569: result: /usr/bin/pkg-config
configure:14607: /home/stephanj/android/ndk-toolchain/bin/arm-linux-androideabi-gcc -o conftest -I/home/stephanj/android/coolmic/app/src/main/jni/libshout/../include/ -I/usr/local/include  -L/home/stephanj/android/coolmic/app/src/main/jni/libshout/../../libs/armeabi conftest.c -L/usr/local/lib -lssl   >&5
conftest.c:47:25: fatal error: openssl/ssl.h: No such file or directory
 #include <openssl/ssl.h>
                         ^
compilation terminated.
configure:14607: $? = 1
configure: failed program was:
| /* confdefs.h */
| #define PACKAGE_NAME "libshout"
| #define PACKAGE_TARNAME "libshout"
| #define PACKAGE_VERSION "2.3.1"
| #define PACKAGE_STRING "libshout 2.3.1"
| #define PACKAGE_BUGREPORT "icecast-dev@xiph.org"
| #define PACKAGE_URL ""
| #define LIBSHOUT_MAJOR 2
| #define LIBSHOUT_MINOR 3
| #define LIBSHOUT_MICRO 1
| #define PACKAGE "libshout"
| #define VERSION "2.3.1"
| #define STDC_HEADERS 1
| #define HAVE_SYS_TYPES_H 1
| #define HAVE_SYS_STAT_H 1
| #define HAVE_STDLIB_H 1
| #define HAVE_STRING_H 1
| #define HAVE_MEMORY_H 1
| #define HAVE_STRINGS_H 1
| #define HAVE_INTTYPES_H 1
| #define HAVE_STDINT_H 1
| #define HAVE_UNISTD_H 1
| #define HAVE_DLFCN_H 1
| #define LT_OBJDIR ".libs/"
| #define _XOPEN_SOURCE 600
| #define _GNU_SOURCE /**/
| #define STDC_HEADERS 1
| #define HAVE_STRINGS_H 1
| #define HAVE_SYS_TIMEB_H 1
| #define HAVE_INTTYPES_H 1
| #define HAVE_C99_INTTYPES 1
| #define HAVE_GETTIMEOFDAY 1
| #define HAVE_FTIME 1
| #define HAVE_NANOSLEEP 1
| #define HAVE_SYS_SOCKET_H 1
| #define HAVE_SOCKLEN_T 1
| #define HAVE_SYS_SELECT_H 1
| #define HAVE_SYS_UIO_H 1
| #define HAVE_GETNAMEINFO 1
| #define HAVE_GETADDRINFO 1
| #define HAVE_INET_ATON 1
| #define HAVE_WRITEV 1
| #define HAVE_STRUCT_SOCKADDR_STORAGE_SS_FAMILY 1
| #define HAVE_INET_PTON 1
| #define HAVE_OGG 1
| /* end confdefs.h.  */
| #include <openssl/ssl.h>
| int
| main ()
| {
| void *a = SSL_new
|   ;
|   return 0;
| }
configure:14665: SSL disabled!
configure:14742: /home/stephanj/android/ndk-toolchain/bin/arm-linux-androideabi-gcc -c -Werror -I/usr/local/include  conftest.c >&5
configure:14742: $? = 0
configure:15096: creating ./config.status

## ---------------------- ##
## Running config.status. ##
## ---------------------- ##

This file was extended by libshout config.status 2.3.1, which was
generated by GNU Autoconf 2.69.  Invocation command line was

  CONFIG_FILES    = 
  CONFIG_HEADERS  = 
  CONFIG_LINKS    = 
  CONFIG_COMMANDS = 
  $ ./config.status 

on WKS-SJ

config.status:1166: creating Makefile
config.status:1166: creating include/Makefile
config.status:1166: creating include/shout/Makefile
config.status:1166: creating include/shout/shout.h
config.status:1166: creating src/Makefile
config.status:1166: creating src/common/net/Makefile
config.status:1166: creating src/common/timing/Makefile
config.status:1166: creating src/common/thread/Makefile
config.status:1166: creating src/common/avl/Makefile
config.status:1166: creating src/common/httpp/Makefile
config.status:1166: creating doc/Makefile
config.status:1166: creating examples/Makefile
config.status:1166: creating win32/Makefile
config.status:1166: creating shout.pc
config.status:1166: creating config.h
config.status:1395: executing depfiles commands
config.status:1395: executing libtool commands

## ---------------- ##
## Cache variables. ##
## ---------------- ##

ac_cv_build=x86_64-unknown-linux-gnu
ac_cv_c_compiler_gnu=yes
ac_cv_c_const=yes
ac_cv_c_inline=inline
ac_cv_env_CC_set=set
ac_cv_env_CC_value=/home/stephanj/android/ndk-toolchain/bin/arm-linux-androideabi-gcc
ac_cv_env_CFLAGS_set=set
ac_cv_env_CFLAGS_value=-I/home/stephanj/android/coolmic/app/src/main/jni/libshout/../include/
ac_cv_env_CPPFLAGS_set=
ac_cv_env_CPPFLAGS_value=
ac_cv_env_CPP_set=
ac_cv_env_CPP_value=
ac_cv_env_LDFLAGS_set=set
ac_cv_env_LDFLAGS_value=-L/home/stephanj/android/coolmic/app/src/main/jni/libshout/../../libs/armeabi
ac_cv_env_LIBS_set=
ac_cv_env_LIBS_value=
ac_cv_env_OGG_PREFIX_set=
ac_cv_env_OGG_PREFIX_value=
ac_cv_env_PKG_CONFIG_LIBDIR_set=
ac_cv_env_PKG_CONFIG_LIBDIR_value=
ac_cv_env_PKG_CONFIG_PATH_set=
ac_cv_env_PKG_CONFIG_PATH_value=
ac_cv_env_PKG_CONFIG_set=
ac_cv_env_PKG_CONFIG_value=
ac_cv_env_SPEEX_CFLAGS_set=
ac_cv_env_SPEEX_CFLAGS_value=
ac_cv_env_SPEEX_LIBS_set=
ac_cv_env_SPEEX_LIBS_value=
ac_cv_env_SPEEX_set=
ac_cv_env_SPEEX_value=
ac_cv_env_THEORA_CFLAGS_set=
ac_cv_env_THEORA_CFLAGS_value=
ac_cv_env_THEORA_LIBS_set=
ac_cv_env_THEORA_LIBS_value=
ac_cv_env_THEORA_set=
ac_cv_env_THEORA_value=
ac_cv_env_VORBIS_CFLAGS_set=
ac_cv_env_VORBIS_CFLAGS_value=
ac_cv_env_VORBIS_LIBS_set=
ac_cv_env_VORBIS_LIBS_value=
ac_cv_env_VORBIS_PREFIX_set=
ac_cv_env_VORBIS_PREFIX_value=
ac_cv_env_build_alias_set=
ac_cv_env_build_alias_value=
ac_cv_env_host_alias_set=set
ac_cv_env_host_alias_value=arm-linux-androideabi
ac_cv_env_target_alias_set=
ac_cv_env_target_alias_value=
ac_cv_func_endhostent=no
ac_cv_func_ftime=yes
ac_cv_func_getaddrinfo=yes
ac_cv_func_gettimeofday=yes
ac_cv_func_inet_aton=yes
ac_cv_func_inet_pton=yes
ac_cv_func_pthread_spin_lock=no
ac_cv_func_writev=yes
ac_cv_header_dlfcn_h=yes
ac_cv_header_inttypes_h=yes
ac_cv_header_memory_h=yes
ac_cv_header_stdc=yes
ac_cv_header_stdint_h=yes
ac_cv_header_stdlib_h=yes
ac_cv_header_string_h=yes
ac_cv_header_strings_h=yes
ac_cv_header_sys_select_h=yes
ac_cv_header_sys_socket_h=yes
ac_cv_header_sys_stat_h=yes
ac_cv_header_sys_timeb_h=yes
ac_cv_header_sys_types_h=yes
ac_cv_header_sys_uio_h=yes
ac_cv_header_unistd_h=yes
ac_cv_header_winsock2_h=no
ac_cv_host=arm-unknown-linux-androideabi
ac_cv_member_struct_sockaddr_storage_ss_family=yes
ac_cv_objext=o
ac_cv_path_EGREP='/bin/grep -E'
ac_cv_path_FGREP='/bin/grep -F'
ac_cv_path_GREP=/bin/grep
ac_cv_path_PKGCONFIG=/usr/bin/pkg-config
ac_cv_path_SED=/bin/sed
ac_cv_path_ac_pt_PKG_CONFIG=/usr/bin/pkg-config
ac_cv_path_install='/usr/bin/install -c'
ac_cv_path_mkdir=/bin/mkdir
ac_cv_prog_AWK=mawk
ac_cv_prog_CC=/home/stephanj/android/ndk-toolchain/bin/arm-linux-androideabi-gcc
ac_cv_prog_CPP='/home/stephanj/android/ndk-toolchain/bin/arm-linux-androideabi-gcc -E'
ac_cv_prog_PKGCONFIG=yes
ac_cv_prog_RANLIB=/home/stephanj/android/ndk-toolchain/bin/arm-linux-androideabi-ranlib
ac_cv_prog_STRIP=strip
ac_cv_prog_ac_ct_AR=ar
ac_cv_prog_ac_ct_DUMPBIN='link -dump'
ac_cv_prog_ac_ct_MANIFEST_TOOL=mt
ac_cv_prog_ac_ct_OBJDUMP=objdump
ac_cv_prog_ac_ct_STRIP=strip
ac_cv_prog_cc_c89=
ac_cv_prog_cc_g=yes
ac_cv_prog_make_make_set=yes
ac_cv_search_getnameinfo='none required'
ac_cv_search_nanosleep='none required'
ac_cv_search_sethostent=no
ac_cv_type_socklen_t=yes
ac_cv_type_uint32_t=yes
am_cv_CC_dependencies_compiler_type=gcc3
lt_cv_ar_at_file=@
lt_cv_archive_cmds_need_lc=no
lt_cv_deplibs_check_method=pass_all
lt_cv_file_magic_cmd='$MAGIC_CMD'
lt_cv_file_magic_test_file=
lt_cv_ld_reload_flag=-r
lt_cv_nm_interface='BSD nm'
lt_cv_objdir=.libs
lt_cv_path_LD=/home/stephanj/android/ndk-toolchain/bin/arm-linux-androideabi-ld
lt_cv_path_NM=no
lt_cv_path_mainfest_tool=no
lt_cv_prog_compiler_c_o=yes
lt_cv_prog_compiler_pic='-fPIC -DPIC'
lt_cv_prog_compiler_pic_works=yes
lt_cv_prog_compiler_rtti_exceptions=no
lt_cv_prog_compiler_static_works=yes
lt_cv_prog_gnu_ld=yes
lt_cv_sharedlib_from_linklib_cmd='printf %s\n'
lt_cv_shlibpath_overrides_runpath=yes
lt_cv_sys_global_symbol_pipe='sed -n -e '\''s/^.*[	 ]\([ABCDGIRSTW][ABCDGIRSTW]*\)[	 ][	 ]*\([_A-Za-z][_A-Za-z0-9]*\)$/\1 \2 \2/p'\'' | sed '\''/ __gnu_lto/d'\'''
lt_cv_sys_global_symbol_to_c_name_address='sed -n -e '\''s/^: \([^ ]*\)[ ]*$/  {\"\1\", (void *) 0},/p'\'' -e '\''s/^[ABCDGIRSTW]* \([^ ]*\) \([^ ]*\)$/  {"\2", (void *) \&\2},/p'\'''
lt_cv_sys_global_symbol_to_c_name_address_lib_prefix='sed -n -e '\''s/^: \([^ ]*\)[ ]*$/  {\"\1\", (void *) 0},/p'\'' -e '\''s/^[ABCDGIRSTW]* \([^ ]*\) \(lib[^ ]*\)$/  {"\2", (void *) \&\2},/p'\'' -e '\''s/^[ABCDGIRSTW]* \([^ ]*\) \([^ ]*\)$/  {"lib\2", (void *) \&\2},/p'\'''
lt_cv_sys_global_symbol_to_cdecl='sed -n -e '\''s/^T .* \(.*\)$/extern int \1();/p'\'' -e '\''s/^[ABCDGIRSTW]* .* \(.*\)$/extern char \1;/p'\'''
lt_cv_sys_max_cmd_len=1572864
lt_cv_to_host_file_cmd=func_convert_file_noop
lt_cv_to_tool_file_cmd=func_convert_file_noop
pkg_cv_VORBIS_CFLAGS=' '
pkg_cv_VORBIS_LIBS='-lvorbis -lm -logg  '
xt_cv_lib_ogg=ok

## ----------------- ##
## Output variables. ##
## ----------------- ##

ACLOCAL='${SHELL} /home/stephanj/android/coolmic/app/src/main/jni/libshout/missing --run aclocal-1.11'
AMDEPBACKSLASH='\'
AMDEP_FALSE='#'
AMDEP_TRUE=''
AMTAR='$${TAR-tar}'
AR='ar'
AUTOCONF='${SHELL} /home/stephanj/android/coolmic/app/src/main/jni/libshout/missing --run autoconf'
AUTOHEADER='${SHELL} /home/stephanj/android/coolmic/app/src/main/jni/libshout/missing --run autoheader'
AUTOMAKE='${SHELL} /home/stephanj/android/coolmic/app/src/main/jni/libshout/missing --run automake-1.11'
AWK='mawk'
CC='/home/stephanj/android/ndk-toolchain/bin/arm-linux-androideabi-gcc'
CCDEPMODE='depmode=gcc3'
CFLAGS='-I/home/stephanj/android/coolmic/app/src/main/jni/libshout/../include/'
CPP='/home/stephanj/android/ndk-toolchain/bin/arm-linux-androideabi-gcc -E'
CPPFLAGS=''
CYGPATH_W='echo'
DEBUG='-g'
DEFS='-DHAVE_CONFIG_H'
DEPDIR='.deps'
DLLTOOL='false'
DSYMUTIL=''
DUMPBIN=':'
ECHO_C=''
ECHO_N='-n'
ECHO_T=''
EGREP='/bin/grep -E'
EXEEXT=''
FGREP='/bin/grep -F'
GREP='/bin/grep'
HAVE_PKGCONFIG_FALSE='#'
HAVE_PKGCONFIG_TRUE=''
HAVE_SPEEX_FALSE=''
HAVE_SPEEX_TRUE='#'
HAVE_THEORA_FALSE=''
HAVE_THEORA_TRUE='#'
HAVE_THREAD_FALSE='#'
HAVE_THREAD_TRUE=''
HAVE_TLS_FALSE=''
HAVE_TLS_TRUE='#'
INSTALL_DATA='${INSTALL} -m 644'
INSTALL_PROGRAM='${INSTALL}'
INSTALL_SCRIPT='${INSTALL}'
INSTALL_STRIP_PROGRAM='$(install_sh) -c -s'
LD='/home/stephanj/android/ndk-toolchain/bin/arm-linux-androideabi-ld'
LDFLAGS='-L/home/stephanj/android/coolmic/app/src/main/jni/libshout/../../libs/armeabi'
LIBOBJS=''
LIBS=' '
LIBTOOL='$(SHELL) $(top_builddir)/libtool'
LIBTOOL_DEPS='./ltmain.sh'
LIPO=''
LN_S='ln -s'
LTLIBOBJS=''
MAINT='#'
MAINTAINER_MODE_FALSE=''
MAINTAINER_MODE_TRUE='#'
MAKEINFO='${SHELL} /home/stephanj/android/coolmic/app/src/main/jni/libshout/missing --run makeinfo'
MANIFEST_TOOL=':'
MKDIR_P='/bin/mkdir -p'
NM='nm'
NMEDIT=''
OBJDUMP='objdump'
OBJEXT='o'
OGG_CFLAGS='-I/usr/local/include'
OGG_LDFLAGS='-L/usr/local/lib'
OGG_LIBS='-logg'
OGG_PREFIX=''
OPT=''
OTOOL64=''
OTOOL=''
PACKAGE='libshout'
PACKAGE_BUGREPORT='icecast-dev@xiph.org'
PACKAGE_NAME='libshout'
PACKAGE_STRING='libshout 2.3.1'
PACKAGE_TARNAME='libshout'
PACKAGE_URL=''
PACKAGE_VERSION='2.3.1'
PATH_SEPARATOR=':'
PKGCONFIG='/usr/bin/pkg-config'
PKG_CONFIG='/usr/bin/pkg-config'
PKG_CONFIG_LIBDIR=''
PKG_CONFIG_PATH=''
PROFILE='-pg -g'
PTHREAD_CC='/home/stephanj/android/ndk-toolchain/bin/arm-linux-androideabi-gcc'
PTHREAD_CFLAGS=''
PTHREAD_CPPFLAGS=''
PTHREAD_LIBS=''
RANLIB='/home/stephanj/android/ndk-toolchain/bin/arm-linux-androideabi-ranlib'
SED='/bin/sed'
SET_MAKE=''
SHELL='/bin/bash'
SHOUT_CFLAGS=''
SHOUT_CPPFLAGS=' -I/usr/local/include'
SHOUT_LIBDEPS=' -lvorbis -lm -logg'
SHOUT_REQUIRES='ogg, vorbis'
SHOUT_THREADSAFE='1'
SHOUT_TLS='0'
SPEEX=''
SPEEX_CFLAGS=''
SPEEX_LDFLAGS=''
SPEEX_LIBS=''
STRIP='strip'
THEORA=''
THEORA_CFLAGS=''
THEORA_LDFLAGS=''
THEORA_LIBS=''
VERSION='2.3.1'
VORBISENC_LIBS=''
VORBISFILE_LIBS=''
VORBIS_CFLAGS=' '
VORBIS_LDFLAGS=''
VORBIS_LIBS=' -lvorbis -lm -logg  '
VORBIS_PREFIX=''
XIPH_CFLAGS='-Wall -ffast-math -fsigned-char    '
XIPH_CPPFLAGS=''
XIPH_LIBS='  LDFLAGS '
ac_ct_AR='ar'
ac_ct_CC=''
ac_ct_DUMPBIN='link -dump'
acx_pthread_config=''
am__EXEEXT_FALSE=''
am__EXEEXT_TRUE='#'
am__fastdepCC_FALSE='#'
am__fastdepCC_TRUE=''
am__include='include'
am__isrc=''
am__leading_dot='.'
am__nodep='_no'
am__quote=''
am__tar='$${TAR-tar} chof - "$$tardir"'
am__untar='$${TAR-tar} xf -'
bindir='${exec_prefix}/bin'
build='x86_64-unknown-linux-gnu'
build_alias=''
build_cpu='x86_64'
build_os='linux-gnu'
build_vendor='unknown'
datadir='${datarootdir}'
datarootdir='${prefix}/share'
docdir='${datarootdir}/doc/${PACKAGE_TARNAME}'
dvidir='${docdir}'
exec_prefix='${prefix}'
host='arm-unknown-linux-androideabi'
host_alias='arm-linux-androideabi'
host_cpu='arm'
host_os='linux-androideabi'
host_vendor='unknown'
htmldir='${docdir}'
includedir='${prefix}/include'
infodir='${datarootdir}/info'
install_sh='${SHELL} /home/stephanj/android/coolmic/app/src/main/jni/libshout/install-sh'
libdir='${exec_prefix}/lib'
libexecdir='${exec_prefix}/libexec'
localedir='${datarootdir}/locale'
localstatedir='${prefix}/var'
mandir='${datarootdir}/man'
mkdir_p='/bin/mkdir -p'
oldincludedir='/usr/include'
pdfdir='${docdir}'
prefix='/usr/local'
program_transform_name='s,x,x,'
psdir='${docdir}'
sbindir='${exec_prefix}/sbin'
sharedstatedir='${prefix}/com'
sysconfdir='${prefix}/etc'
target_alias=''

## ----------- ##
## confdefs.h. ##
## ----------- ##

/* confdefs.h */
#define PACKAGE_NAME "libshout"
#define PACKAGE_TARNAME "libshout"
#define PACKAGE_VERSION "2.3.1"
#define PACKAGE_STRING "libshout 2.3.1"
#define PACKAGE_BUGREPORT "icecast-dev@xiph.org"
#define PACKAGE_URL ""
#define LIBSHOUT_MAJOR 2
#define LIBSHOUT_MINOR 3
#define LIBSHOUT_MICRO 1
#define PACKAGE "libshout"
#define VERSION "2.3.1"
#define STDC_HEADERS 1
#define HAVE_SYS_TYPES_H 1
#define HAVE_SYS_STAT_H 1
#define HAVE_STDLIB_H 1
#define HAVE_STRING_H 1
#define HAVE_MEMORY_H 1
#define HAVE_STRINGS_H 1
#define HAVE_INTTYPES_H 1
#define HAVE_STDINT_H 1
#define HAVE_UNISTD_H 1
#define HAVE_DLFCN_H 1
#define LT_OBJDIR ".libs/"
#define _XOPEN_SOURCE 600
#define _GNU_SOURCE /**/
#define STDC_HEADERS 1
#define HAVE_STRINGS_H 1
#define HAVE_SYS_TIMEB_H 1
#define HAVE_INTTYPES_H 1
#define HAVE_C99_INTTYPES 1
#define HAVE_GETTIMEOFDAY 1
#define HAVE_FTIME 1
#define HAVE_NANOSLEEP 1
#define HAVE_SYS_SOCKET_H 1
#define HAVE_SOCKLEN_T 1
#define HAVE_SYS_SELECT_H 1
#define HAVE_SYS_UIO_H 1
#define HAVE_GETNAMEINFO 1
#define HAVE_GETADDRINFO 1
#define HAVE_INET_ATON 1
#define HAVE_WRITEV 1
#define HAVE_STRUCT_SOCKADDR_STORAGE_SS_FAMILY 1
#define HAVE_INET_PTON 1
#define HAVE_OGG 1

configure: exit 0
